Start testing: Apr 15 20:18 CEST
----------------------------------------------------------
Unable to find executable: /home/miriam/CLionProjects/agendaProgrammazione/agendaProgrammazione_test
1/1 Testing: agendaProgrammazione_test
1/1 Test: agendaProgrammazione_test
Command: ""
Directory: /home/miriam/CLionProjects/agendaProgrammazione
"agendaProgrammazione_test" start time: 
Output:
----------------------------------------------------------
<end of output>
Test time =   0.00 sec
----------------------------------------------------------
Test Passed.
"agendaProgrammazione_test" end time: Apr 15 20:18 CEST
"agendaProgrammazione_test" time elapsed: 00:00:00
----------------------------------------------------------

End testing: Apr 15 20:18 CEST
